2024/06/18 12:47:01 [3576] building file list
2024/06/18 12:47:01 [3576] .d..t...... ./
2024/06/18 12:47:01 [3576] >f+++++++++ archive.tar
2024/06/18 12:47:01 [3576] >f+++++++++ archive.tar.gz
2024/06/18 12:47:01 [3576] sent 30.359.181 bytes  received 57 bytes  60.718.476,00 bytes/sec
2024/06/18 12:47:01 [3576] total size is 30.351.584  speedup is 1,00
Синхронизация завершена в Вт 18 июн 2024 12:47:01 +03
2024/06/18 12:48:02 [3628] building file list
2024/06/18 12:48:02 [3628] sent 108 bytes  received 12 bytes  240,00 bytes/sec
2024/06/18 12:48:02 [3628] total size is 30.351.584  speedup is 252.929,87
Синхронизация завершена в Вт 18 июн 2024 12:48:02 +03
2024/06/18 12:49:01 [3643] building file list
2024/06/18 12:49:01 [3643] sent 108 bytes  received 12 bytes  240,00 bytes/sec
2024/06/18 12:49:01 [3643] total size is 30.351.584  speedup is 252.929,87
Синхронизация завершена в Вт 18 июн 2024 12:49:01 +03
2024/06/18 12:50:01 [3659] building file list
2024/06/18 12:50:01 [3659] sent 108 bytes  received 12 bytes  240,00 bytes/sec
2024/06/18 12:50:01 [3659] total size is 30.351.584  speedup is 252.929,87
Синхронизация завершена в Вт 18 июн 2024 12:50:01 +03
2024/06/18 12:51:01 [3669] building file list
2024/06/18 12:51:01 [3669] sent 108 bytes  received 12 bytes  240,00 bytes/sec
2024/06/18 12:51:01 [3669] total size is 30.351.584  speedup is 252.929,87
Синхронизация завершена в Вт 18 июн 2024 12:51:01 +03
2024/06/18 12:52:01 [3692] building file list
2024/06/18 12:52:01 [3692] sent 108 bytes  received 12 bytes  240,00 bytes/sec
2024/06/18 12:52:01 [3692] total size is 30.351.584  speedup is 252.929,87
Синхронизация завершена в Вт 18 июн 2024 12:52:01 +03
2024/06/18 12:53:01 [3702] building file list
2024/06/18 12:53:01 [3702] sent 108 bytes  received 12 bytes  240,00 bytes/sec
2024/06/18 12:53:01 [3702] total size is 30.351.584  speedup is 252.929,87
Синхронизация завершена в Вт 18 июн 2024 12:53:01 +03
2024/06/18 12:54:01 [3720] building file list
2024/06/18 12:54:01 [3720] sent 108 bytes  received 12 bytes  240,00 bytes/sec
2024/06/18 12:54:01 [3720] total size is 30.351.584  speedup is 252.929,87
Синхронизация завершена в Вт 18 июн 2024 12:54:01 +03
2024/06/18 12:55:01 [3744] building file list
2024/06/18 12:55:01 [3744] sent 108 bytes  received 12 bytes  240,00 bytes/sec
2024/06/18 12:55:01 [3744] total size is 30.351.584  speedup is 252.929,87
Синхронизация завершена в Вт 18 июн 2024 12:55:01 +03
2024/06/18 12:56:01 [3752] building file list
2024/06/18 12:56:02 [3752] sent 108 bytes  received 12 bytes  80,00 bytes/sec
2024/06/18 12:56:02 [3752] total size is 30.351.584  speedup is 252.929,87
Синхронизация завершена в Вт 18 июн 2024 12:56:02 +03
2024/06/18 12:57:01 [3765] building file list
2024/06/18 12:57:01 [3765] sent 108 bytes  received 12 bytes  240,00 bytes/sec
2024/06/18 12:57:01 [3765] total size is 30.351.584  speedup is 252.929,87
Синхронизация завершена в Вт 18 июн 2024 12:57:01 +03
2024/06/18 12:58:01 [3773] building file list
2024/06/18 12:58:01 [3773] sent 108 bytes  received 12 bytes  240,00 bytes/sec
2024/06/18 12:58:01 [3773] total size is 30.351.584  speedup is 252.929,87
Синхронизация завершена в Вт 18 июн 2024 12:58:01 +03
2024/06/18 12:59:01 [3781] building file list
2024/06/18 12:59:01 [3781] sent 108 bytes  received 12 bytes  240,00 bytes/sec
2024/06/18 12:59:01 [3781] total size is 30.351.584  speedup is 252.929,87
Синхронизация завершена в Вт 18 июн 2024 12:59:01 +03
2024/06/18 13:00:01 [3793] building file list
2024/06/18 13:00:01 [3793] sent 108 bytes  received 12 bytes  240,00 bytes/sec
2024/06/18 13:00:01 [3793] total size is 30.351.584  speedup is 252.929,87
Синхронизация завершена в Вт 18 июн 2024 13:00:01 +03
2024/06/18 13:01:01 [3803] building file list
2024/06/18 13:01:01 [3803] sent 108 bytes  received 12 bytes  240,00 bytes/sec
2024/06/18 13:01:01 [3803] total size is 30.351.584  speedup is 252.929,87
Синхронизация завершена в Вт 18 июн 2024 13:01:01 +03
2024/06/18 13:02:01 [3811] building file list
2024/06/18 13:02:01 [3811] sent 108 bytes  received 12 bytes  240,00 bytes/sec
2024/06/18 13:02:01 [3811] total size is 30.351.584  speedup is 252.929,87
Синхронизация завершена в Вт 18 июн 2024 13:02:01 +03
2024/06/18 13:03:01 [3820] building file list
2024/06/18 13:03:01 [3820] sent 108 bytes  received 12 bytes  240,00 bytes/sec
2024/06/18 13:03:01 [3820] total size is 30.351.584  speedup is 252.929,87
Синхронизация завершена в Вт 18 июн 2024 13:03:01 +03
2024/06/18 13:04:01 [3828] building file list
2024/06/18 13:04:02 [3828] sent 108 bytes  received 12 bytes  240,00 bytes/sec
2024/06/18 13:04:02 [3828] total size is 30.351.584  speedup is 252.929,87
Синхронизация завершена в Вт 18 июн 2024 13:04:02 +03
2024/06/18 13:05:01 [3841] building file list
2024/06/18 13:05:01 [3841] sent 108 bytes  received 12 bytes  240,00 bytes/sec
2024/06/18 13:05:01 [3841] total size is 30.351.584  speedup is 252.929,87
Синхронизация завершена в Вт 18 июн 2024 13:05:01 +03
2024/06/18 13:06:01 [3849] building file list
2024/06/18 13:06:01 [3849] sent 108 bytes  received 12 bytes  240,00 bytes/sec
2024/06/18 13:06:01 [3849] total size is 30.351.584  speedup is 252.929,87
Синхронизация завершена в Вт 18 июн 2024 13:06:01 +03
2024/06/18 13:07:01 [3858] building file list
2024/06/18 13:07:01 [3858] sent 108 bytes  received 12 bytes  240,00 bytes/sec
2024/06/18 13:07:01 [3858] total size is 30.351.584  speedup is 252.929,87
Синхронизация завершена в Вт 18 июн 2024 13:07:01 +03
2024/06/18 13:08:01 [3872] building file list
2024/06/18 13:08:01 [3872] sent 108 bytes  received 12 bytes  240,00 bytes/sec
2024/06/18 13:08:01 [3872] total size is 30.351.584  speedup is 252.929,87
Синхронизация завершена в Вт 18 июн 2024 13:08:01 +03
2024/06/18 13:09:01 [3883] building file list
2024/06/18 13:09:01 [3883] sent 108 bytes  received 12 bytes  240,00 bytes/sec
2024/06/18 13:09:01 [3883] total size is 30.351.584  speedup is 252.929,87
Синхронизация завершена в Вт 18 июн 2024 13:09:01 +03
2024/06/18 13:10:01 [3895] building file list
2024/06/18 13:10:01 [3895] sent 108 bytes  received 12 bytes  240,00 bytes/sec
2024/06/18 13:10:01 [3895] total size is 30.351.584  speedup is 252.929,87
Синхронизация завершена в Вт 18 июн 2024 13:10:01 +03
2024/06/18 13:11:01 [3904] building file list
2024/06/18 13:11:01 [3904] sent 108 bytes  received 12 bytes  240,00 bytes/sec
2024/06/18 13:11:01 [3904] total size is 30.351.584  speedup is 252.929,87
Синхронизация завершена в Вт 18 июн 2024 13:11:01 +03
2024/06/18 13:12:01 [3912] building file list
2024/06/18 13:12:01 [3912] sent 108 bytes  received 12 bytes  240,00 bytes/sec
2024/06/18 13:12:01 [3912] total size is 30.351.584  speedup is 252.929,87
Синхронизация завершена в Вт 18 июн 2024 13:12:01 +03
2024/06/18 13:13:01 [3939] building file list
2024/06/18 13:13:01 [3939] sent 108 bytes  received 12 bytes  240,00 bytes/sec
2024/06/18 13:13:01 [3939] total size is 30.351.584  speedup is 252.929,87
Синхронизация завершена в Вт 18 июн 2024 13:13:01 +03
2024/06/18 13:14:01 [4014] building file list
2024/06/18 13:14:02 [4014] sent 108 bytes  received 12 bytes  240,00 bytes/sec
2024/06/18 13:14:02 [4014] total size is 30.351.584  speedup is 252.929,87
Синхронизация завершена в Вт 18 июн 2024 13:14:02 +03
2024/06/18 13:15:01 [4025] building file list
2024/06/18 13:15:01 [4025] sent 108 bytes  received 12 bytes  240,00 bytes/sec
2024/06/18 13:15:01 [4025] total size is 30.351.584  speedup is 252.929,87
Синхронизация завершена в Вт 18 июн 2024 13:15:01 +03
2024/06/18 13:16:01 [4036] building file list
2024/06/18 13:16:01 [4036] sent 108 bytes  received 12 bytes  240,00 bytes/sec
2024/06/18 13:16:01 [4036] total size is 30.351.584  speedup is 252.929,87
Синхронизация завершена в Вт 18 июн 2024 13:16:01 +03
2024/06/18 13:17:01 [4052] building file list
2024/06/18 13:17:01 [4052] sent 108 bytes  received 12 bytes  240,00 bytes/sec
2024/06/18 13:17:01 [4052] total size is 30.351.584  speedup is 252.929,87
Синхронизация завершена в Вт 18 июн 2024 13:17:01 +03
2024/06/18 13:18:01 [4075] building file list
2024/06/18 13:18:01 [4075] sent 108 bytes  received 12 bytes  240,00 bytes/sec
2024/06/18 13:18:01 [4075] total size is 30.351.584  speedup is 252.929,87
Синхронизация завершена в Вт 18 июн 2024 13:18:01 +03
2024/06/18 13:19:01 [4091] building file list
2024/06/18 13:19:01 [4091] sent 108 bytes  received 12 bytes  240,00 bytes/sec
2024/06/18 13:19:01 [4091] total size is 30.351.584  speedup is 252.929,87
Синхронизация завершена в Вт 18 июн 2024 13:19:01 +03
2024/06/18 13:20:01 [4101] building file list
2024/06/18 13:20:01 [4101] sent 108 bytes  received 12 bytes  240,00 bytes/sec
2024/06/18 13:20:01 [4101] total size is 30.351.584  speedup is 252.929,87
Синхронизация завершена в Вт 18 июн 2024 13:20:01 +03
2024/06/18 13:21:01 [4113] building file list
2024/06/18 13:21:01 [4113] sent 108 bytes  received 12 bytes  240,00 bytes/sec
2024/06/18 13:21:01 [4113] total size is 30.351.584  speedup is 252.929,87
Синхронизация завершена в Вт 18 июн 2024 13:21:01 +03
2024/06/18 13:22:01 [4121] building file list
2024/06/18 13:22:01 [4121] sent 108 bytes  received 12 bytes  240,00 bytes/sec
2024/06/18 13:22:01 [4121] total size is 30.351.584  speedup is 252.929,87
Синхронизация завершена в Вт 18 июн 2024 13:22:01 +03
2024/06/18 13:23:02 [4130] building file list
2024/06/18 13:23:02 [4130] sent 108 bytes  received 12 bytes  240,00 bytes/sec
2024/06/18 13:23:02 [4130] total size is 30.351.584  speedup is 252.929,87
Синхронизация завершена в Вт 18 июн 2024 13:23:02 +03
2024/06/18 13:24:01 [4142] building file list
2024/06/18 13:24:01 [4142] sent 108 bytes  received 12 bytes  240,00 bytes/sec
2024/06/18 13:24:01 [4142] total size is 30.351.584  speedup is 252.929,87
Синхронизация завершена в Вт 18 июн 2024 13:24:01 +03
2024/06/18 13:25:01 [4153] building file list
2024/06/18 13:25:01 [4153] sent 108 bytes  received 12 bytes  240,00 bytes/sec
2024/06/18 13:25:01 [4153] total size is 30.351.584  speedup is 252.929,87
Синхронизация завершена в Вт 18 июн 2024 13:25:01 +03
2024/06/18 13:26:01 [4164] building file list
2024/06/18 13:26:01 [4164] sent 108 bytes  received 12 bytes  240,00 bytes/sec
2024/06/18 13:26:01 [4164] total size is 30.351.584  speedup is 252.929,87
Синхронизация завершена в Вт 18 июн 2024 13:26:01 +03
2024/06/18 13:27:01 [4175] building file list
2024/06/18 13:27:01 [4175] sent 108 bytes  received 12 bytes  240,00 bytes/sec
2024/06/18 13:27:01 [4175] total size is 30.351.584  speedup is 252.929,87
Синхронизация завершена в Вт 18 июн 2024 13:27:01 +03
2024/06/18 13:28:01 [4183] building file list
2024/06/18 13:28:01 [4183] sent 108 bytes  received 12 bytes  240,00 bytes/sec
2024/06/18 13:28:01 [4183] total size is 30.351.584  speedup is 252.929,87
Синхронизация завершена в Вт 18 июн 2024 13:28:01 +03
2024/06/18 13:29:01 [4191] building file list
2024/06/18 13:29:01 [4191] sent 108 bytes  received 12 bytes  240,00 bytes/sec
2024/06/18 13:29:01 [4191] total size is 30.351.584  speedup is 252.929,87
Синхронизация завершена в Вт 18 июн 2024 13:29:01 +03
2024/06/18 13:30:01 [4203] building file list
2024/06/18 13:30:01 [4203] sent 108 bytes  received 12 bytes  240,00 bytes/sec
2024/06/18 13:30:01 [4203] total size is 30.351.584  speedup is 252.929,87
Синхронизация завершена в Вт 18 июн 2024 13:30:01 +03
2024/06/18 13:31:01 [4225] building file list
2024/06/18 13:31:02 [4225] sent 108 bytes  received 12 bytes  240,00 bytes/sec
2024/06/18 13:31:02 [4225] total size is 30.351.584  speedup is 252.929,87
Синхронизация завершена в Вт 18 июн 2024 13:31:02 +03
2024/06/18 13:32:01 [4235] building file list
2024/06/18 13:32:01 [4235] sent 108 bytes  received 12 bytes  240,00 bytes/sec
2024/06/18 13:32:01 [4235] total size is 30.351.584  speedup is 252.929,87
Синхронизация завершена в Вт 18 июн 2024 13:32:01 +03
2024/06/18 13:33:01 [4250] building file list
2024/06/18 13:33:01 [4250] sent 108 bytes  received 12 bytes  240,00 bytes/sec
2024/06/18 13:33:01 [4250] total size is 30.351.584  speedup is 252.929,87
Синхронизация завершена в Вт 18 июн 2024 13:33:01 +03
2024/06/18 13:34:01 [4265] building file list
2024/06/18 13:34:01 [4265] sent 108 bytes  received 12 bytes  240,00 bytes/sec
2024/06/18 13:34:01 [4265] total size is 30.351.584  speedup is 252.929,87
Синхронизация завершена в Вт 18 июн 2024 13:34:01 +03
2024/06/18 13:35:01 [4276] building file list
2024/06/18 13:35:01 [4276] sent 108 bytes  received 12 bytes  240,00 bytes/sec
2024/06/18 13:35:01 [4276] total size is 30.351.584  speedup is 252.929,87
Синхронизация завершена в Вт 18 июн 2024 13:35:01 +03
2024/06/18 13:36:01 [4287] building file list
2024/06/18 13:36:01 [4287] sent 108 bytes  received 12 bytes  240,00 bytes/sec
2024/06/18 13:36:01 [4287] total size is 30.351.584  speedup is 252.929,87
Синхронизация завершена в Вт 18 июн 2024 13:36:01 +03
2024/06/18 13:37:01 [4296] building file list
2024/06/18 13:37:01 [4296] sent 108 bytes  received 12 bytes  240,00 bytes/sec
2024/06/18 13:37:01 [4296] total size is 30.351.584  speedup is 252.929,87
Синхронизация завершена в Вт 18 июн 2024 13:37:01 +03
2024/06/18 13:38:01 [4309] building file list
2024/06/18 13:38:01 [4309] sent 108 bytes  received 12 bytes  240,00 bytes/sec
2024/06/18 13:38:01 [4309] total size is 30.351.584  speedup is 252.929,87
Синхронизация завершена в Вт 18 июн 2024 13:38:01 +03
2024/06/18 13:39:01 [4318] building file list
2024/06/18 13:39:01 [4318] sent 108 bytes  received 12 bytes  240,00 bytes/sec
2024/06/18 13:39:01 [4318] total size is 30.351.584  speedup is 252.929,87
Синхронизация завершена в Вт 18 июн 2024 13:39:01 +03
2024/06/18 13:40:01 [4331] building file list
2024/06/18 13:40:01 [4331] sent 108 bytes  received 12 bytes  240,00 bytes/sec
2024/06/18 13:40:01 [4331] total size is 30.351.584  speedup is 252.929,87
Синхронизация завершена в Вт 18 июн 2024 13:40:02 +03
2024/06/18 13:41:01 [4347] building file list
2024/06/18 13:41:01 [4347] sent 108 bytes  received 12 bytes  240,00 bytes/sec
2024/06/18 13:41:01 [4347] total size is 30.351.584  speedup is 252.929,87
Синхронизация завершена в Вт 18 июн 2024 13:41:01 +03
2024/06/18 13:42:01 [4359] building file list
2024/06/18 13:42:01 [4359] sent 108 bytes  received 12 bytes  240,00 bytes/sec
2024/06/18 13:42:01 [4359] total size is 30.351.584  speedup is 252.929,87
Синхронизация завершена в Вт 18 июн 2024 13:42:01 +03
2024/06/18 13:43:01 [4664] building file list
2024/06/18 13:43:01 [4664] sent 108 bytes  received 12 bytes  240,00 bytes/sec
2024/06/18 13:43:01 [4664] total size is 30.351.584  speedup is 252.929,87
Синхронизация завершена в Вт 18 июн 2024 13:43:01 +03
2024/06/18 13:44:01 [5095] building file list
2024/06/18 13:44:01 [5095] sent 108 bytes  received 12 bytes  240,00 bytes/sec
2024/06/18 13:44:01 [5095] total size is 30.351.584  speedup is 252.929,87
Синхронизация завершена в Вт 18 июн 2024 13:44:01 +03
2024/06/18 13:45:01 [5139] building file list
2024/06/18 13:45:01 [5139] sent 108 bytes  received 12 bytes  240,00 bytes/sec
2024/06/18 13:45:01 [5139] total size is 30.351.584  speedup is 252.929,87
Синхронизация завершена в Вт 18 июн 2024 13:45:01 +03
2024/06/18 13:46:01 [6100] building file list
2024/06/18 13:46:01 [6100] sent 108 bytes  received 12 bytes  240,00 bytes/sec
2024/06/18 13:46:01 [6100] total size is 30.351.584  speedup is 252.929,87
Синхронизация завершена в Вт 18 июн 2024 13:46:01 +03
2024/06/18 13:47:01 [6143] building file list
2024/06/18 13:47:01 [6143] sent 108 bytes  received 12 bytes  240,00 bytes/sec
2024/06/18 13:47:01 [6143] total size is 30.351.584  speedup is 252.929,87
Синхронизация завершена в Вт 18 июн 2024 13:47:01 +03
2024/06/18 13:48:01 [6161] building file list
2024/06/18 13:48:01 [6161] sent 108 bytes  received 12 bytes  240,00 bytes/sec
2024/06/18 13:48:01 [6161] total size is 30.351.584  speedup is 252.929,87
Синхронизация завершена в Вт 18 июн 2024 13:48:01 +03
2024/06/18 13:49:01 [6176] building file list
2024/06/18 13:49:02 [6176] sent 108 bytes  received 12 bytes  240,00 bytes/sec
2024/06/18 13:49:02 [6176] total size is 30.351.584  speedup is 252.929,87
Синхронизация завершена в Вт 18 июн 2024 13:49:02 +03
2024/06/18 13:50:01 [6186] building file list
2024/06/18 13:50:01 [6186] sent 108 bytes  received 12 bytes  240,00 bytes/sec
2024/06/18 13:50:01 [6186] total size is 30.351.584  speedup is 252.929,87
Синхронизация завершена в Вт 18 июн 2024 13:50:01 +03
2024/06/18 13:51:01 [6199] building file list
2024/06/18 13:51:01 [6199] sent 108 bytes  received 12 bytes  240,00 bytes/sec
2024/06/18 13:51:01 [6199] total size is 30.351.584  speedup is 252.929,87
Синхронизация завершена в Вт 18 июн 2024 13:51:01 +03
2024/06/18 13:52:01 [6222] building file list
2024/06/18 13:52:01 [6222] sent 108 bytes  received 12 bytes  240,00 bytes/sec
2024/06/18 13:52:01 [6222] total size is 30.351.584  speedup is 252.929,87
Синхронизация завершена в Вт 18 июн 2024 13:52:01 +03
2024/06/18 13:53:01 [6231] building file list
2024/06/18 13:53:01 [6231] sent 108 bytes  received 12 bytes  240,00 bytes/sec
2024/06/18 13:53:01 [6231] total size is 30.351.584  speedup is 252.929,87
Синхронизация завершена в Вт 18 июн 2024 13:53:01 +03
2024/06/18 13:54:01 [6239] building file list
2024/06/18 13:54:01 [6239] sent 108 bytes  received 12 bytes  240,00 bytes/sec
2024/06/18 13:54:01 [6239] total size is 30.351.584  speedup is 252.929,87
Синхронизация завершена в Вт 18 июн 2024 13:54:01 +03
2024/06/18 13:55:01 [6251] building file list
2024/06/18 13:55:01 [6251] sent 108 bytes  received 12 bytes  240,00 bytes/sec
2024/06/18 13:55:01 [6251] total size is 30.351.584  speedup is 252.929,87
Синхронизация завершена в Вт 18 июн 2024 13:55:01 +03
2024/06/18 13:56:01 [6259] building file list
2024/06/18 13:56:01 [6259] sent 108 bytes  received 12 bytes  240,00 bytes/sec
2024/06/18 13:56:01 [6259] total size is 30.351.584  speedup is 252.929,87
Синхронизация завершена в Вт 18 июн 2024 13:56:01 +03
2024/06/18 14:19:59 [6278] building file list
2024/06/18 14:19:59 [6278] sent 108 bytes  received 12 bytes  240,00 bytes/sec
2024/06/18 14:19:59 [6278] total size is 30.351.584  speedup is 252.929,87
Синхронизация завершена в Вт 18 июн 2024 14:19:59 +03
2024/06/18 14:20:01 [6288] building file list
2024/06/18 14:20:01 [6288] sent 108 bytes  received 12 bytes  240,00 bytes/sec
2024/06/18 14:20:01 [6288] total size is 30.351.584  speedup is 252.929,87
Синхронизация завершена в Вт 18 июн 2024 14:20:01 +03
2024/06/18 14:21:01 [6302] building file list
2024/06/18 14:21:01 [6302] sent 108 bytes  received 12 bytes  240,00 bytes/sec
2024/06/18 14:21:01 [6302] total size is 30.351.584  speedup is 252.929,87
Синхронизация завершена в Вт 18 июн 2024 14:21:01 +03
2024/06/18 14:22:01 [6339] building file list
2024/06/18 14:22:01 [6339] sent 108 bytes  received 12 bytes  240,00 bytes/sec
2024/06/18 14:22:01 [6339] total size is 30.351.584  speedup is 252.929,87
Синхронизация завершена в Вт 18 июн 2024 14:22:01 +03
2024/06/18 14:23:02 [6717] building file list
2024/06/18 14:23:02 [6717] sent 108 bytes  received 12 bytes  240,00 bytes/sec
2024/06/18 14:23:02 [6717] total size is 30.351.584  speedup is 252.929,87
Синхронизация завершена в Вт 18 июн 2024 14:23:02 +03
2024/06/18 14:24:01 [6811] building file list
2024/06/18 14:24:01 [6811] sent 108 bytes  received 12 bytes  240,00 bytes/sec
2024/06/18 14:24:01 [6811] total size is 30.351.584  speedup is 252.929,87
Синхронизация завершена в Вт 18 июн 2024 14:24:01 +03
2024/06/18 14:25:01 [7143] building file list
2024/06/18 14:25:01 [7143] sent 108 bytes  received 12 bytes  240,00 bytes/sec
2024/06/18 14:25:01 [7143] total size is 30.351.584  speedup is 252.929,87
Синхронизация завершена в Вт 18 июн 2024 14:25:01 +03
2024/06/18 14:26:01 [7291] building file list
2024/06/18 14:26:01 [7291] sent 108 bytes  received 12 bytes  240,00 bytes/sec
2024/06/18 14:26:01 [7291] total size is 30.351.584  speedup is 252.929,87
Синхронизация завершена в Вт 18 июн 2024 14:26:01 +03
2024/06/18 14:27:01 [8002] building file list
2024/06/18 14:27:01 [8002] sent 108 bytes  received 12 bytes  240,00 bytes/sec
2024/06/18 14:27:01 [8002] total size is 30.351.584  speedup is 252.929,87
Синхронизация завершена в Вт 18 июн 2024 14:27:01 +03
2024/06/18 14:28:01 [8017] building file list
2024/06/18 14:28:01 [8017] sent 108 bytes  received 12 bytes  240,00 bytes/sec
2024/06/18 14:28:01 [8017] total size is 30.351.584  speedup is 252.929,87
Синхронизация завершена в Вт 18 июн 2024 14:28:01 +03
2024/06/18 14:29:01 [8025] building file list
2024/06/18 14:29:01 [8025] sent 108 bytes  received 12 bytes  240,00 bytes/sec
2024/06/18 14:29:01 [8025] total size is 30.351.584  speedup is 252.929,87
Синхронизация завершена в Вт 18 июн 2024 14:29:01 +03
2024/06/18 14:30:01 [8038] building file list
2024/06/18 14:30:01 [8038] sent 108 bytes  received 12 bytes  240,00 bytes/sec
2024/06/18 14:30:01 [8038] total size is 30.351.584  speedup is 252.929,87
Синхронизация завершена в Вт 18 июн 2024 14:30:01 +03
2024/06/18 14:31:01 [8048] building file list
2024/06/18 14:31:02 [8048] sent 108 bytes  received 12 bytes  240,00 bytes/sec
2024/06/18 14:31:02 [8048] total size is 30.351.584  speedup is 252.929,87
Синхронизация завершена в Вт 18 июн 2024 14:31:02 +03
2024/06/18 14:32:01 [8059] building file list
2024/06/18 14:32:01 [8059] sent 108 bytes  received 12 bytes  240,00 bytes/sec
2024/06/18 14:32:01 [8059] total size is 30.351.584  speedup is 252.929,87
Синхронизация завершена в Вт 18 июн 2024 14:32:01 +03
2024/06/18 14:33:01 [8247] building file list
2024/06/18 14:33:01 [8247] sent 108 bytes  received 12 bytes  240,00 bytes/sec
2024/06/18 14:33:01 [8247] total size is 30.351.584  speedup is 252.929,87
Синхронизация завершена в Вт 18 июн 2024 14:33:01 +03
2024/06/18 14:34:01 [8255] building file list
2024/06/18 14:34:01 [8255] sent 108 bytes  received 12 bytes  240,00 bytes/sec
2024/06/18 14:34:01 [8255] total size is 30.351.584  speedup is 252.929,87
Синхронизация завершена в Вт 18 июн 2024 14:34:01 +03
2024/06/18 14:35:01 [8279] building file list
2024/06/18 14:35:01 [8279] sent 108 bytes  received 12 bytes  240,00 bytes/sec
2024/06/18 14:35:01 [8279] total size is 30.351.584  speedup is 252.929,87
Синхронизация завершена в Вт 18 июн 2024 14:35:01 +03
2024/06/18 14:36:01 [8288] building file list
2024/06/18 14:36:01 [8288] sent 108 bytes  received 12 bytes  240,00 bytes/sec
2024/06/18 14:36:01 [8288] total size is 30.351.584  speedup is 252.929,87
Синхронизация завершена в Вт 18 июн 2024 14:36:01 +03
2024/06/18 14:37:01 [8296] building file list
2024/06/18 14:37:01 [8296] sent 108 bytes  received 12 bytes  240,00 bytes/sec
2024/06/18 14:37:01 [8296] total size is 30.351.584  speedup is 252.929,87
Синхронизация завершена в Вт 18 июн 2024 14:37:01 +03
2024/06/18 14:38:01 [8305] building file list
2024/06/18 14:38:01 [8305] sent 108 bytes  received 12 bytes  240,00 bytes/sec
2024/06/18 14:38:01 [8305] total size is 30.351.584  speedup is 252.929,87
Синхронизация завершена в Вт 18 июн 2024 14:38:01 +03
2024/06/18 14:39:01 [8313] building file list
2024/06/18 14:39:01 [8313] sent 108 bytes  received 12 bytes  240,00 bytes/sec
2024/06/18 14:39:01 [8313] total size is 30.351.584  speedup is 252.929,87
Синхронизация завершена в Вт 18 июн 2024 14:39:01 +03
2024/06/18 14:40:01 [8333] building file list
2024/06/18 14:40:01 [8333] sent 108 bytes  received 12 bytes  240,00 bytes/sec
2024/06/18 14:40:01 [8333] total size is 30.351.584  speedup is 252.929,87
Синхронизация завершена в Вт 18 июн 2024 14:40:02 +03
2024/06/18 14:41:01 [8342] building file list
2024/06/18 14:41:01 [8342] sent 108 bytes  received 12 bytes  240,00 bytes/sec
2024/06/18 14:41:01 [8342] total size is 30.351.584  speedup is 252.929,87
Синхронизация завершена в Вт 18 июн 2024 14:41:01 +03
2024/06/18 14:42:01 [8350] building file list
2024/06/18 14:42:01 [8350] sent 108 bytes  received 12 bytes  240,00 bytes/sec
2024/06/18 14:42:01 [8350] total size is 30.351.584  speedup is 252.929,87
Синхронизация завершена в Вт 18 июн 2024 14:42:01 +03
2024/06/18 14:43:01 [8358] building file list
2024/06/18 14:43:01 [8358] sent 108 bytes  received 12 bytes  240,00 bytes/sec
2024/06/18 14:43:01 [8358] total size is 30.351.584  speedup is 252.929,87
Синхронизация завершена в Вт 18 июн 2024 14:43:01 +03
2024/06/18 14:44:01 [8366] building file list
2024/06/18 14:44:01 [8366] sent 108 bytes  received 12 bytes  240,00 bytes/sec
2024/06/18 14:44:01 [8366] total size is 30.351.584  speedup is 252.929,87
Синхронизация завершена в Вт 18 июн 2024 14:44:01 +03
2024/06/18 14:45:01 [8377] building file list
2024/06/18 14:45:01 [8377] sent 108 bytes  received 12 bytes  240,00 bytes/sec
2024/06/18 14:45:01 [8377] total size is 30.351.584  speedup is 252.929,87
Синхронизация завершена в Вт 18 июн 2024 14:45:01 +03
2024/06/18 15:16:00 [8554] building file list
2024/06/18 15:16:01 [8554] sent 108 bytes  received 12 bytes  240,00 bytes/sec
2024/06/18 15:16:01 [8554] total size is 30.351.584  speedup is 252.929,87
Синхронизация завершена в Вт 18 июн 2024 15:16:01 +03
2024/06/18 15:17:01 [8565] building file list
2024/06/18 15:17:01 [8565] sent 108 bytes  received 12 bytes  240,00 bytes/sec
2024/06/18 15:17:01 [8565] total size is 30.351.584  speedup is 252.929,87
Синхронизация завершена в Вт 18 июн 2024 15:17:01 +03
2024/06/18 15:18:01 [8573] building file list
2024/06/18 15:18:01 [8573] sent 108 bytes  received 12 bytes  240,00 bytes/sec
2024/06/18 15:18:01 [8573] total size is 30.351.584  speedup is 252.929,87
Синхронизация завершена в Вт 18 июн 2024 15:18:01 +03
2024/06/18 15:19:01 [8581] building file list
2024/06/18 15:19:01 [8581] sent 108 bytes  received 12 bytes  240,00 bytes/sec
2024/06/18 15:19:01 [8581] total size is 30.351.584  speedup is 252.929,87
Синхронизация завершена в Вт 18 июн 2024 15:19:01 +03
2024/06/18 15:20:01 [8591] building file list
2024/06/18 15:20:01 [8591] sent 108 bytes  received 12 bytes  240,00 bytes/sec
2024/06/18 15:20:01 [8591] total size is 30.351.584  speedup is 252.929,87
Синхронизация завершена в Вт 18 июн 2024 15:20:01 +03
2024/06/18 15:21:01 [8602] building file list
2024/06/18 15:21:01 [8602] sent 108 bytes  received 12 bytes  240,00 bytes/sec
2024/06/18 15:21:01 [8602] total size is 30.351.584  speedup is 252.929,87
Синхронизация завершена в Вт 18 июн 2024 15:21:01 +03
2024/06/18 15:22:01 [8616] building file list
2024/06/18 15:22:01 [8616] sent 108 bytes  received 12 bytes  240,00 bytes/sec
2024/06/18 15:22:01 [8616] total size is 30.351.584  speedup is 252.929,87
Синхронизация завершена в Вт 18 июн 2024 15:22:01 +03
2024/06/18 15:23:01 [8624] building file list
2024/06/18 15:23:01 [8624] sent 108 bytes  received 12 bytes  240,00 bytes/sec
2024/06/18 15:23:01 [8624] total size is 30.351.584  speedup is 252.929,87
Синхронизация завершена в Вт 18 июн 2024 15:23:01 +03
2024/06/18 15:24:01 [8632] building file list
2024/06/18 15:24:01 [8632] sent 108 bytes  received 12 bytes  240,00 bytes/sec
2024/06/18 15:24:01 [8632] total size is 30.351.584  speedup is 252.929,87
Синхронизация завершена в Вт 18 июн 2024 15:24:01 +03
2024/06/18 15:25:01 [8643] building file list
2024/06/18 15:25:01 [8643] sent 108 bytes  received 12 bytes  240,00 bytes/sec
2024/06/18 15:25:01 [8643] total size is 30.351.584  speedup is 252.929,87
Синхронизация завершена в Вт 18 июн 2024 15:25:02 +03
2024/06/18 15:26:01 [8654] building file list
2024/06/18 15:26:01 [8654] sent 108 bytes  received 12 bytes  240,00 bytes/sec
2024/06/18 15:26:01 [8654] total size is 30.351.584  speedup is 252.929,87
Синхронизация завершена в Вт 18 июн 2024 15:26:01 +03
2024/06/18 15:27:01 [8662] building file list
2024/06/18 15:27:01 [8662] sent 108 bytes  received 12 bytes  240,00 bytes/sec
2024/06/18 15:27:01 [8662] total size is 30.351.584  speedup is 252.929,87
Синхронизация завершена в Вт 18 июн 2024 15:27:01 +03
2024/06/18 15:28:01 [8670] building file list
2024/06/18 15:28:01 [8670] sent 108 bytes  received 12 bytes  240,00 bytes/sec
2024/06/18 15:28:01 [8670] total size is 30.351.584  speedup is 252.929,87
Синхронизация завершена в Вт 18 июн 2024 15:28:01 +03
2024/06/18 15:29:01 [8678] building file list
2024/06/18 15:29:01 [8678] sent 108 bytes  received 12 bytes  240,00 bytes/sec
2024/06/18 15:29:01 [8678] total size is 30.351.584  speedup is 252.929,87
Синхронизация завершена в Вт 18 июн 2024 15:29:01 +03
2024/06/18 15:30:01 [8691] building file list
2024/06/18 15:30:01 [8691] sent 108 bytes  received 12 bytes  240,00 bytes/sec
2024/06/18 15:30:01 [8691] total size is 30.351.584  speedup is 252.929,87
Синхронизация завершена в Вт 18 июн 2024 15:30:01 +03
2024/06/18 15:31:01 [8703] building file list
2024/06/18 15:31:01 [8703] sent 108 bytes  received 12 bytes  240,00 bytes/sec
2024/06/18 15:31:01 [8703] total size is 30.351.584  speedup is 252.929,87
Синхронизация завершена в Вт 18 июн 2024 15:31:01 +03
2024/06/18 15:32:01 [8711] building file list
2024/06/18 15:32:01 [8711] sent 108 bytes  received 12 bytes  240,00 bytes/sec
2024/06/18 15:32:01 [8711] total size is 30.351.584  speedup is 252.929,87
Синхронизация завершена в Вт 18 июн 2024 15:32:01 +03
2024/06/18 15:33:01 [8719] building file list
2024/06/18 15:33:01 [8719] sent 108 bytes  received 12 bytes  240,00 bytes/sec
2024/06/18 15:33:01 [8719] total size is 30.351.584  speedup is 252.929,87
Синхронизация завершена в Вт 18 июн 2024 15:33:01 +03
2024/06/18 15:34:01 [8727] building file list
2024/06/18 15:34:01 [8727] sent 108 bytes  received 12 bytes  240,00 bytes/sec
2024/06/18 15:34:01 [8727] total size is 30.351.584  speedup is 252.929,87
Синхронизация завершена в Вт 18 июн 2024 15:34:01 +03
2024/06/18 15:35:01 [8738] building file list
2024/06/18 15:35:02 [8738] sent 108 bytes  received 12 bytes  240,00 bytes/sec
2024/06/18 15:35:02 [8738] total size is 30.351.584  speedup is 252.929,87
Синхронизация завершена в Вт 18 июн 2024 15:35:02 +03
2024/06/18 15:36:01 [8749] building file list
2024/06/18 15:36:01 [8749] sent 108 bytes  received 12 bytes  240,00 bytes/sec
2024/06/18 15:36:01 [8749] total size is 30.351.584  speedup is 252.929,87
Синхронизация завершена в Вт 18 июн 2024 15:36:01 +03
2024/06/18 15:37:01 [8759] building file list
2024/06/18 15:37:01 [8759] sent 108 bytes  received 12 bytes  240,00 bytes/sec
2024/06/18 15:37:01 [8759] total size is 30.351.584  speedup is 252.929,87
Синхронизация завершена в Вт 18 июн 2024 15:37:01 +03
2024/06/18 15:38:01 [8768] building file list
2024/06/18 15:38:01 [8768] sent 108 bytes  received 12 bytes  240,00 bytes/sec
2024/06/18 15:38:01 [8768] total size is 30.351.584  speedup is 252.929,87
Синхронизация завершена в Вт 18 июн 2024 15:38:01 +03
2024/06/18 15:39:01 [8776] building file list
2024/06/18 15:39:01 [8776] sent 108 bytes  received 12 bytes  240,00 bytes/sec
2024/06/18 15:39:01 [8776] total size is 30.351.584  speedup is 252.929,87
Синхронизация завершена в Вт 18 июн 2024 15:39:01 +03
2024/06/18 15:40:01 [8786] building file list
2024/06/18 15:40:01 [8786] sent 108 bytes  received 12 bytes  240,00 bytes/sec
2024/06/18 15:40:01 [8786] total size is 30.351.584  speedup is 252.929,87
Синхронизация завершена в Вт 18 июн 2024 15:40:01 +03
2024/06/18 15:41:01 [8797] building file list
2024/06/18 15:41:01 [8797] sent 108 bytes  received 12 bytes  240,00 bytes/sec
2024/06/18 15:41:01 [8797] total size is 30.351.584  speedup is 252.929,87
Синхронизация завершена в Вт 18 июн 2024 15:41:01 +03
2024/06/18 15:42:01 [8805] building file list
2024/06/18 15:42:01 [8805] sent 108 bytes  received 12 bytes  240,00 bytes/sec
2024/06/18 15:42:01 [8805] total size is 30.351.584  speedup is 252.929,87
Синхронизация завершена в Вт 18 июн 2024 15:42:01 +03
2024/06/18 15:43:01 [8813] building file list
2024/06/18 15:43:01 [8813] sent 108 bytes  received 12 bytes  240,00 bytes/sec
2024/06/18 15:43:01 [8813] total size is 30.351.584  speedup is 252.929,87
Синхронизация завершена в Вт 18 июн 2024 15:43:01 +03
2024/06/18 15:44:01 [8821] building file list
2024/06/18 15:44:01 [8821] sent 108 bytes  received 12 bytes  240,00 bytes/sec
2024/06/18 15:44:01 [8821] total size is 30.351.584  speedup is 252.929,87
Синхронизация завершена в Вт 18 июн 2024 15:44:01 +03
2024/06/18 15:45:02 [8832] building file list
2024/06/18 15:45:02 [8832] sent 108 bytes  received 12 bytes  240,00 bytes/sec
2024/06/18 15:45:02 [8832] total size is 30.351.584  speedup is 252.929,87
Синхронизация завершена в Вт 18 июн 2024 15:45:02 +03
2024/06/18 15:46:01 [8841] building file list
2024/06/18 15:46:01 [8841] sent 108 bytes  received 12 bytes  240,00 bytes/sec
2024/06/18 15:46:01 [8841] total size is 30.351.584  speedup is 252.929,87
Синхронизация завершена в Вт 18 июн 2024 15:46:01 +03
2024/06/18 15:47:01 [8851] building file list
2024/06/18 15:47:01 [8851] sent 108 bytes  received 12 bytes  240,00 bytes/sec
2024/06/18 15:47:01 [8851] total size is 30.351.584  speedup is 252.929,87
Синхронизация завершена в Вт 18 июн 2024 15:47:01 +03
2024/06/18 15:48:01 [8859] building file list
2024/06/18 15:48:01 [8859] sent 108 bytes  received 12 bytes  240,00 bytes/sec
2024/06/18 15:48:01 [8859] total size is 30.351.584  speedup is 252.929,87
Синхронизация завершена в Вт 18 июн 2024 15:48:01 +03
2024/06/18 15:49:01 [8867] building file list
2024/06/18 15:49:01 [8867] sent 108 bytes  received 12 bytes  240,00 bytes/sec
2024/06/18 15:49:01 [8867] total size is 30.351.584  speedup is 252.929,87
Синхронизация завершена в Вт 18 июн 2024 15:49:01 +03
2024/06/18 15:50:01 [8877] building file list
2024/06/18 15:50:01 [8877] sent 108 bytes  received 12 bytes  240,00 bytes/sec
2024/06/18 15:50:01 [8877] total size is 30.351.584  speedup is 252.929,87
Синхронизация завершена в Вт 18 июн 2024 15:50:01 +03
2024/06/18 15:51:01 [8887] building file list
2024/06/18 15:51:01 [8887] sent 108 bytes  received 12 bytes  240,00 bytes/sec
2024/06/18 15:51:01 [8887] total size is 30.351.584  speedup is 252.929,87
Синхронизация завершена в Вт 18 июн 2024 15:51:01 +03
2024/06/18 15:52:01 [8897] building file list
2024/06/18 15:52:01 [8897] sent 108 bytes  received 12 bytes  240,00 bytes/sec
2024/06/18 15:52:01 [8897] total size is 30.351.584  speedup is 252.929,87
Синхронизация завершена в Вт 18 июн 2024 15:52:01 +03
2024/06/18 15:53:01 [8905] building file list
2024/06/18 15:53:01 [8905] sent 108 bytes  received 12 bytes  240,00 bytes/sec
2024/06/18 15:53:01 [8905] total size is 30.351.584  speedup is 252.929,87
Синхронизация завершена в Вт 18 июн 2024 15:53:01 +03
2024/06/18 15:54:01 [8913] building file list
2024/06/18 15:54:01 [8913] sent 108 bytes  received 12 bytes  240,00 bytes/sec
2024/06/18 15:54:01 [8913] total size is 30.351.584  speedup is 252.929,87
Синхронизация завершена в Вт 18 июн 2024 15:54:01 +03
2024/06/18 15:55:01 [8924] building file list
2024/06/18 15:55:01 [8924] sent 108 bytes  received 12 bytes  240,00 bytes/sec
2024/06/18 15:55:01 [8924] total size is 30.351.584  speedup is 252.929,87
Синхронизация завершена в Вт 18 июн 2024 15:55:01 +03
2024/06/18 15:56:01 [8933] building file list
2024/06/18 15:56:01 [8933] sent 108 bytes  received 12 bytes  240,00 bytes/sec
2024/06/18 15:56:01 [8933] total size is 30.351.584  speedup is 252.929,87
Синхронизация завершена в Вт 18 июн 2024 15:56:01 +03
2024/06/18 15:57:01 [8943] building file list
2024/06/18 15:57:01 [8943] sent 108 bytes  received 12 bytes  240,00 bytes/sec
2024/06/18 15:57:01 [8943] total size is 30.351.584  speedup is 252.929,87
Синхронизация завершена в Вт 18 июн 2024 15:57:01 +03
2024/06/18 15:58:01 [8951] building file list
2024/06/18 15:58:01 [8951] sent 108 bytes  received 12 bytes  240,00 bytes/sec
2024/06/18 15:58:01 [8951] total size is 30.351.584  speedup is 252.929,87
Синхронизация завершена в Вт 18 июн 2024 15:58:01 +03
2024/06/18 15:59:01 [8960] building file list
2024/06/18 15:59:01 [8960] sent 108 bytes  received 12 bytes  240,00 bytes/sec
2024/06/18 15:59:01 [8960] total size is 30.351.584  speedup is 252.929,87
Синхронизация завершена в Вт 18 июн 2024 15:59:01 +03
2024/06/18 16:00:01 [8971] building file list
2024/06/18 16:00:01 [8971] sent 108 bytes  received 12 bytes  240,00 bytes/sec
2024/06/18 16:00:01 [8971] total size is 30.351.584  speedup is 252.929,87
Синхронизация завершена в Вт 18 июн 2024 16:00:01 +03
2024/06/18 16:01:01 [8979] building file list
2024/06/18 16:01:01 [8979] sent 108 bytes  received 12 bytes  240,00 bytes/sec
2024/06/18 16:01:01 [8979] total size is 30.351.584  speedup is 252.929,87
Синхронизация завершена в Вт 18 июн 2024 16:01:01 +03
2024/06/18 16:02:01 [8989] building file list
2024/06/18 16:02:01 [8989] sent 108 bytes  received 12 bytes  240,00 bytes/sec
2024/06/18 16:02:01 [8989] total size is 30.351.584  speedup is 252.929,87
Синхронизация завершена в Вт 18 июн 2024 16:02:01 +03
2024/06/18 16:03:02 [8997] building file list
2024/06/18 16:03:02 [8997] sent 108 bytes  received 12 bytes  240,00 bytes/sec
2024/06/18 16:03:02 [8997] total size is 30.351.584  speedup is 252.929,87
Синхронизация завершена в Вт 18 июн 2024 16:03:02 +03
2024/06/18 16:04:01 [9019] building file list
2024/06/18 16:04:01 [9019] sent 108 bytes  received 12 bytes  240,00 bytes/sec
2024/06/18 16:04:01 [9019] total size is 30.351.584  speedup is 252.929,87
Синхронизация завершена в Вт 18 июн 2024 16:04:01 +03
2024/06/18 16:05:01 [9030] building file list
2024/06/18 16:05:01 [9030] sent 108 bytes  received 12 bytes  240,00 bytes/sec
2024/06/18 16:05:01 [9030] total size is 30.351.584  speedup is 252.929,87
Синхронизация завершена в Вт 18 июн 2024 16:05:01 +03
2024/06/18 16:06:01 [9039] building file list
2024/06/18 16:06:01 [9039] sent 108 bytes  received 12 bytes  240,00 bytes/sec
2024/06/18 16:06:01 [9039] total size is 30.351.584  speedup is 252.929,87
Синхронизация завершена в Вт 18 июн 2024 16:06:01 +03
2024/06/18 16:07:01 [9047] building file list
2024/06/18 16:07:01 [9047] sent 108 bytes  received 12 bytes  240,00 bytes/sec
2024/06/18 16:07:01 [9047] total size is 30.351.584  speedup is 252.929,87
Синхронизация завершена в Вт 18 июн 2024 16:07:01 +03
2024/06/18 16:08:01 [9061] building file list
2024/06/18 16:08:01 [9061] sent 108 bytes  received 12 bytes  240,00 bytes/sec
2024/06/18 16:08:01 [9061] total size is 30.351.584  speedup is 252.929,87
Синхронизация завершена в Вт 18 июн 2024 16:08:01 +03
2024/06/18 16:09:01 [9077] building file list
2024/06/18 16:09:01 [9077] sent 108 bytes  received 12 bytes  240,00 bytes/sec
2024/06/18 16:09:01 [9077] total size is 30.351.584  speedup is 252.929,87
Синхронизация завершена в Вт 18 июн 2024 16:09:01 +03
2024/06/18 16:10:01 [9172] building file list
2024/06/18 16:10:01 [9172] sent 108 bytes  received 12 bytes  240,00 bytes/sec
2024/06/18 16:10:01 [9172] total size is 30.351.584  speedup is 252.929,87
Синхронизация завершена в Вт 18 июн 2024 16:10:01 +03
2024/06/18 16:11:01 [9204] building file list
2024/06/18 16:11:01 [9204] sent 108 bytes  received 12 bytes  240,00 bytes/sec
2024/06/18 16:11:01 [9204] total size is 30.351.584  speedup is 252.929,87
Синхронизация завершена в Вт 18 июн 2024 16:11:01 +03
2024/06/18 16:12:02 [9256] building file list
2024/06/18 16:12:02 [9256] sent 108 bytes  received 12 bytes  240,00 bytes/sec
2024/06/18 16:12:02 [9256] total size is 30.351.584  speedup is 252.929,87
Синхронизация завершена в Вт 18 июн 2024 16:12:02 +03
2024/06/18 16:13:01 [9289] building file list
2024/06/18 16:13:01 [9289] sent 108 bytes  received 12 bytes  240,00 bytes/sec
2024/06/18 16:13:01 [9289] total size is 30.351.584  speedup is 252.929,87
Синхронизация завершена в Вт 18 июн 2024 16:13:01 +03
2024/06/18 16:14:03 [2243] building file list
2024/06/18 16:14:03 [2243] sent 108 bytes  received 12 bytes  240,00 bytes/sec
2024/06/18 16:14:03 [2243] total size is 30.351.584  speedup is 252.929,87
Синхронизация завершена в Вт 18 июн 2024 16:14:03 +03
2024/06/18 16:15:01 [2845] building file list
2024/06/18 16:15:02 [2845] sent 108 bytes  received 12 bytes  240,00 bytes/sec
2024/06/18 16:15:02 [2845] total size is 30.351.584  speedup is 252.929,87
Синхронизация завершена в Вт 18 июн 2024 16:15:02 +03
2024/06/18 16:17:01 [2738] building file list
2024/06/18 16:17:01 [2738] sent 108 bytes  received 12 bytes  240,00 bytes/sec
2024/06/18 16:17:01 [2738] total size is 30.351.584  speedup is 252.929,87
Синхронизация завершена в Вт 18 июн 2024 16:17:01 +03
2024/06/18 16:18:01 [2794] building file list
2024/06/18 16:18:01 [2794] sent 108 bytes  received 12 bytes  240,00 bytes/sec
2024/06/18 16:18:01 [2794] total size is 30.351.584  speedup is 252.929,87
Синхронизация завершена в Вт 18 июн 2024 16:18:01 +03
2024/06/18 16:19:01 [2849] building file list
2024/06/18 16:19:01 [2849] sent 108 bytes  received 12 bytes  240,00 bytes/sec
2024/06/18 16:19:01 [2849] total size is 30.351.584  speedup is 252.929,87
Синхронизация завершена в Вт 18 июн 2024 16:19:01 +03
2024/06/18 16:20:01 [2859] building file list
2024/06/18 16:20:01 [2859] sent 108 bytes  received 12 bytes  240,00 bytes/sec
2024/06/18 16:20:01 [2859] total size is 30.351.584  speedup is 252.929,87
Синхронизация завершена в Вт 18 июн 2024 16:20:01 +03
2024/06/18 16:21:01 [2887] building file list
2024/06/18 16:21:01 [2887] sent 108 bytes  received 12 bytes  240,00 bytes/sec
2024/06/18 16:21:01 [2887] total size is 30.351.584  speedup is 252.929,87
Синхронизация завершена в Вт 18 июн 2024 16:21:01 +03
2024/06/18 16:22:01 [2933] building file list
2024/06/18 16:22:01 [2933] sent 108 bytes  received 12 bytes  240,00 bytes/sec
2024/06/18 16:22:01 [2933] total size is 30.351.584  speedup is 252.929,87
Синхронизация завершена в Вт 18 июн 2024 16:22:01 +03
2024/06/18 16:23:01 [2941] building file list
2024/06/18 16:23:01 [2941] sent 108 bytes  received 12 bytes  240,00 bytes/sec
2024/06/18 16:23:01 [2941] total size is 30.351.584  speedup is 252.929,87
Синхронизация завершена в Вт 18 июн 2024 16:23:01 +03
2024/06/18 16:25:01 [2627] building file list
2024/06/18 16:25:01 [2627] sent 108 bytes  received 12 bytes  240,00 bytes/sec
2024/06/18 16:25:01 [2627] total size is 30.351.584  speedup is 252.929,87
Синхронизация завершена в Вт 18 июн 2024 16:25:01 +03
2024/06/18 16:26:01 [2728] building file list
2024/06/18 16:26:01 [2728] sent 108 bytes  received 12 bytes  240,00 bytes/sec
2024/06/18 16:26:01 [2728] total size is 30.351.584  speedup is 252.929,87
Синхронизация завершена в Вт 18 июн 2024 16:26:01 +03
2024/06/18 16:27:01 [2621] building file list
2024/06/18 16:27:01 [2621] sent 108 bytes  received 12 bytes  240,00 bytes/sec
2024/06/18 16:27:01 [2621] total size is 30.351.584  speedup is 252.929,87
Синхронизация завершена в Вт 18 июн 2024 16:27:01 +03
2024/06/18 16:28:01 [2685] building file list
2024/06/18 16:28:02 [2685] sent 108 bytes  received 12 bytes  240,00 bytes/sec
2024/06/18 16:28:02 [2685] total size is 30.351.584  speedup is 252.929,87
Синхронизация завершена в Вт 18 июн 2024 16:28:02 +03
2024/06/18 16:29:01 [2755] building file list
2024/06/18 16:29:01 [2755] sent 108 bytes  received 12 bytes  240,00 bytes/sec
2024/06/18 16:29:01 [2755] total size is 30.351.584  speedup is 252.929,87
Синхронизация завершена в Вт 18 июн 2024 16:29:01 +03
2024/06/18 16:30:01 [2778] building file list
2024/06/18 16:30:01 [2778] sent 108 bytes  received 12 bytes  240,00 bytes/sec
2024/06/18 16:30:01 [2778] total size is 30.351.584  speedup is 252.929,87
Синхронизация завершена в Вт 18 июн 2024 16:30:01 +03
2024/06/18 16:31:01 [2810] building file list
2024/06/18 16:31:01 [2810] sent 108 bytes  received 12 bytes  240,00 bytes/sec
2024/06/18 16:31:01 [2810] total size is 30.351.584  speedup is 252.929,87
Синхронизация завершена в Вт 18 июн 2024 16:31:01 +03
2024/06/18 16:32:01 [2831] building file list
2024/06/18 16:32:01 [2831] sent 108 bytes  received 12 bytes  240,00 bytes/sec
2024/06/18 16:32:01 [2831] total size is 30.351.584  speedup is 252.929,87
Синхронизация завершена в Вт 18 июн 2024 16:32:01 +03
2024/06/18 16:33:01 [2971] building file list
2024/06/18 16:33:01 [2971] sent 108 bytes  received 12 bytes  240,00 bytes/sec
2024/06/18 16:33:01 [2971] total size is 30.351.584  speedup is 252.929,87
Синхронизация завершена в Вт 18 июн 2024 16:33:01 +03
2024/06/18 16:34:01 [2981] building file list
2024/06/18 16:34:01 [2981] sent 108 bytes  received 12 bytes  240,00 bytes/sec
2024/06/18 16:34:01 [2981] total size is 30.351.584  speedup is 252.929,87
Синхронизация завершена в Вт 18 июн 2024 16:34:01 +03
2024/06/18 16:35:01 [3005] building file list
2024/06/18 16:35:01 [3005] sent 108 bytes  received 12 bytes  240,00 bytes/sec
2024/06/18 16:35:01 [3005] total size is 30.351.584  speedup is 252.929,87
Синхронизация завершена в Вт 18 июн 2024 16:35:01 +03
2024/06/18 16:36:01 [3045] building file list
2024/06/18 16:36:02 [3045] sent 108 bytes  received 12 bytes  240,00 bytes/sec
2024/06/18 16:36:02 [3045] total size is 30.351.584  speedup is 252.929,87
Синхронизация завершена в Вт 18 июн 2024 16:36:02 +03
2024/06/18 16:37:01 [3196] building file list
2024/06/18 16:37:01 [3196] sent 108 bytes  received 12 bytes  240,00 bytes/sec
2024/06/18 16:37:01 [3196] total size is 30.351.584  speedup is 252.929,87
Синхронизация завершена в Вт 18 июн 2024 16:37:01 +03
2024/06/18 16:38:01 [3231] building file list
2024/06/18 16:38:01 [3231] sent 108 bytes  received 12 bytes  240,00 bytes/sec
2024/06/18 16:38:01 [3231] total size is 30.351.584  speedup is 252.929,87
Синхронизация завершена в Вт 18 июн 2024 16:38:01 +03
2024/06/18 16:39:01 [3239] building file list
2024/06/18 16:39:01 [3239] sent 108 bytes  received 12 bytes  240,00 bytes/sec
2024/06/18 16:39:01 [3239] total size is 30.351.584  speedup is 252.929,87
Синхронизация завершена в Вт 18 июн 2024 16:39:01 +03
2024/06/18 16:40:01 [3294] building file list
2024/06/18 16:40:01 [3294] sent 108 bytes  received 12 bytes  240,00 bytes/sec
2024/06/18 16:40:01 [3294] total size is 30.351.584  speedup is 252.929,87
Синхронизация завершена в Вт 18 июн 2024 16:40:01 +03
2024/06/18 16:41:01 [3318] building file list
2024/06/18 16:41:01 [3318] sent 108 bytes  received 12 bytes  240,00 bytes/sec
2024/06/18 16:41:01 [3318] total size is 30.351.584  speedup is 252.929,87
Синхронизация завершена в Вт 18 июн 2024 16:41:01 +03
2024/06/18 16:42:01 [3346] building file list
2024/06/18 16:42:01 [3346] sent 108 bytes  received 12 bytes  240,00 bytes/sec
2024/06/18 16:42:01 [3346] total size is 30.351.584  speedup is 252.929,87
Синхронизация завершена в Вт 18 июн 2024 16:42:01 +03
2024/06/18 16:43:01 [3354] building file list
2024/06/18 16:43:01 [3354] sent 108 bytes  received 12 bytes  240,00 bytes/sec
2024/06/18 16:43:01 [3354] total size is 30.351.584  speedup is 252.929,87
Синхронизация завершена в Вт 18 июн 2024 16:43:01 +03
2024/06/18 16:44:01 [3379] building file list
2024/06/18 16:44:02 [3379] sent 108 bytes  received 12 bytes  240,00 bytes/sec
2024/06/18 16:44:02 [3379] total size is 30.351.584  speedup is 252.929,87
Синхронизация завершена в Вт 18 июн 2024 16:44:02 +03
2024/06/18 16:45:01 [3455] building file list
2024/06/18 16:45:01 [3455] sent 108 bytes  received 12 bytes  240,00 bytes/sec
2024/06/18 16:45:01 [3455] total size is 30.351.584  speedup is 252.929,87
Синхронизация завершена в Вт 18 июн 2024 16:45:01 +03
2024/06/18 16:46:01 [3620] building file list
2024/06/18 16:46:01 [3620] sent 108 bytes  received 12 bytes  240,00 bytes/sec
2024/06/18 16:46:01 [3620] total size is 30.351.584  speedup is 252.929,87
Синхронизация завершена в Вт 18 июн 2024 16:46:01 +03
2024/06/18 16:47:01 [3774] building file list
2024/06/18 16:47:01 [3774] sent 108 bytes  received 12 bytes  240,00 bytes/sec
2024/06/18 16:47:01 [3774] total size is 30.351.584  speedup is 252.929,87
Синхронизация завершена в Вт 18 июн 2024 16:47:01 +03
2024/06/18 16:48:01 [3782] building file list
2024/06/18 16:48:01 [3782] sent 108 bytes  received 12 bytes  240,00 bytes/sec
2024/06/18 16:48:01 [3782] total size is 30.351.584  speedup is 252.929,87
Синхронизация завершена в Вт 18 июн 2024 16:48:01 +03
2024/06/18 16:49:01 [3799] building file list
2024/06/18 16:49:01 [3799] sent 108 bytes  received 12 bytes  240,00 bytes/sec
2024/06/18 16:49:01 [3799] total size is 30.351.584  speedup is 252.929,87
Синхронизация завершена в Вт 18 июн 2024 16:49:01 +03
2024/06/18 16:50:01 [3941] building file list
2024/06/18 16:50:01 [3941] sent 108 bytes  received 12 bytes  240,00 bytes/sec
2024/06/18 16:50:01 [3941] total size is 30.351.584  speedup is 252.929,87
Синхронизация завершена в Вт 18 июн 2024 16:50:01 +03
2024/06/18 16:51:01 [4096] building file list
2024/06/18 16:51:01 [4096] sent 108 bytes  received 12 bytes  240,00 bytes/sec
2024/06/18 16:51:01 [4096] total size is 30.351.584  speedup is 252.929,87
Синхронизация завершена в Вт 18 июн 2024 16:51:01 +03
2024/06/18 16:52:01 [4114] building file list
2024/06/18 16:52:01 [4114] sent 108 bytes  received 12 bytes  240,00 bytes/sec
2024/06/18 16:52:01 [4114] total size is 30.351.584  speedup is 252.929,87
Синхронизация завершена в Вт 18 июн 2024 16:52:01 +03
2024/06/18 16:53:02 [4336] building file list
2024/06/18 16:53:02 [4336] sent 108 bytes  received 12 bytes  240,00 bytes/sec
2024/06/18 16:53:02 [4336] total size is 30.351.584  speedup is 252.929,87
Синхронизация завершена в Вт 18 июн 2024 16:53:02 +03
2024/06/18 16:54:01 [4473] building file list
2024/06/18 16:54:01 [4473] sent 108 bytes  received 12 bytes  240,00 bytes/sec
2024/06/18 16:54:01 [4473] total size is 30.351.584  speedup is 252.929,87
Синхронизация завершена в Вт 18 июн 2024 16:54:01 +03
2024/06/18 16:55:01 [7097] building file list
2024/06/18 16:55:01 [7097] sent 108 bytes  received 12 bytes  240,00 bytes/sec
2024/06/18 16:55:01 [7097] total size is 30.351.584  speedup is 252.929,87
Синхронизация завершена в Вт 18 июн 2024 16:55:01 +03
2024/06/18 16:56:01 [7107] building file list
2024/06/18 16:56:01 [7107] sent 108 bytes  received 12 bytes  240,00 bytes/sec
2024/06/18 16:56:01 [7107] total size is 30.351.584  speedup is 252.929,87
Синхронизация завершена в Вт 18 июн 2024 16:56:01 +03
2024/06/18 16:57:01 [7118] building file list
2024/06/18 16:57:01 [7118] sent 108 bytes  received 12 bytes  240,00 bytes/sec
2024/06/18 16:57:01 [7118] total size is 30.351.584  speedup is 252.929,87
Синхронизация завершена в Вт 18 июн 2024 16:57:01 +03
2024/06/18 16:58:01 [7130] building file list
2024/06/18 16:58:01 [7130] sent 108 bytes  received 12 bytes  240,00 bytes/sec
2024/06/18 16:58:01 [7130] total size is 30.351.584  speedup is 252.929,87
Синхронизация завершена в Вт 18 июн 2024 16:58:01 +03
2024/06/18 16:59:01 [7140] building file list
2024/06/18 16:59:01 [7140] sent 108 bytes  received 12 bytes  240,00 bytes/sec
2024/06/18 16:59:01 [7140] total size is 30.351.584  speedup is 252.929,87
Синхронизация завершена в Вт 18 июн 2024 16:59:01 +03
2024/06/18 17:00:01 [7154] building file list
2024/06/18 17:00:02 [7154] sent 108 bytes  received 12 bytes  240,00 bytes/sec
2024/06/18 17:00:02 [7154] total size is 30.351.584  speedup is 252.929,87
Синхронизация завершена в Вт 18 июн 2024 17:00:02 +03
2024/06/18 17:01:01 [7164] building file list
2024/06/18 17:01:01 [7164] sent 108 bytes  received 12 bytes  240,00 bytes/sec
2024/06/18 17:01:01 [7164] total size is 30.351.584  speedup is 252.929,87
Синхронизация завершена в Вт 18 июн 2024 17:01:01 +03
2024/06/18 17:02:01 [7185] building file list
2024/06/18 17:02:01 [7185] sent 108 bytes  received 12 bytes  240,00 bytes/sec
2024/06/18 17:02:01 [7185] total size is 30.351.584  speedup is 252.929,87
Синхронизация завершена в Вт 18 июн 2024 17:02:01 +03
2024/06/18 17:03:01 [7197] building file list
2024/06/18 17:03:01 [7197] sent 108 bytes  received 12 bytes  240,00 bytes/sec
2024/06/18 17:03:01 [7197] total size is 30.351.584  speedup is 252.929,87
Синхронизация завершена в Вт 18 июн 2024 17:03:01 +03
2024/06/18 17:04:01 [7207] building file list
2024/06/18 17:04:01 [7207] sent 108 bytes  received 12 bytes  240,00 bytes/sec
2024/06/18 17:04:01 [7207] total size is 30.351.584  speedup is 252.929,87
Синхронизация завершена в Вт 18 июн 2024 17:04:01 +03
2024/06/18 17:05:01 [7220] building file list
2024/06/18 17:05:01 [7220] sent 108 bytes  received 12 bytes  240,00 bytes/sec
2024/06/18 17:05:01 [7220] total size is 30.351.584  speedup is 252.929,87
Синхронизация завершена в Вт 18 июн 2024 17:05:01 +03
2024/06/18 17:06:01 [7230] building file list
2024/06/18 17:06:01 [7230] sent 108 bytes  received 12 bytes  240,00 bytes/sec
2024/06/18 17:06:01 [7230] total size is 30.351.584  speedup is 252.929,87
Синхронизация завершена в Вт 18 июн 2024 17:06:01 +03
2024/06/18 17:07:01 [7241] building file list
2024/06/18 17:07:01 [7241] sent 108 bytes  received 12 bytes  240,00 bytes/sec
2024/06/18 17:07:01 [7241] total size is 30.351.584  speedup is 252.929,87
Синхронизация завершена в Вт 18 июн 2024 17:07:01 +03
2024/06/18 17:08:01 [7362] building file list
2024/06/18 17:08:01 [7362] sent 108 bytes  received 12 bytes  240,00 bytes/sec
2024/06/18 17:08:01 [7362] total size is 30.351.584  speedup is 252.929,87
Синхронизация завершена в Вт 18 июн 2024 17:08:01 +03
2024/06/18 17:09:01 [7421] building file list
2024/06/18 17:09:01 [7421] sent 108 bytes  received 12 bytes  240,00 bytes/sec
2024/06/18 17:09:01 [7421] total size is 30.351.584  speedup is 252.929,87
Синхронизация завершена в Вт 18 июн 2024 17:09:01 +03
2024/06/18 17:10:01 [7477] building file list
2024/06/18 17:10:02 [7477] sent 108 bytes  received 12 bytes  240,00 bytes/sec
2024/06/18 17:10:02 [7477] total size is 30.351.584  speedup is 252.929,87
Синхронизация завершена в Вт 18 июн 2024 17:10:02 +03
2024/06/18 17:11:01 [7535] building file list
2024/06/18 17:11:01 [7535] sent 108 bytes  received 12 bytes  240,00 bytes/sec
2024/06/18 17:11:01 [7535] total size is 30.351.584  speedup is 252.929,87
Синхронизация завершена в Вт 18 июн 2024 17:11:01 +03
2024/06/18 17:12:01 [7546] building file list
2024/06/18 17:12:01 [7546] sent 108 bytes  received 12 bytes  240,00 bytes/sec
2024/06/18 17:12:01 [7546] total size is 30.351.584  speedup is 252.929,87
Синхронизация завершена в Вт 18 июн 2024 17:12:01 +03
2024/06/18 17:13:01 [7560] building file list
2024/06/18 17:13:01 [7560] sent 108 bytes  received 12 bytes  240,00 bytes/sec
2024/06/18 17:13:01 [7560] total size is 30.351.584  speedup is 252.929,87
Синхронизация завершена в Вт 18 июн 2024 17:13:01 +03
2024/06/18 17:14:01 [7653] building file list
2024/06/18 17:14:01 [7653] sent 108 bytes  received 12 bytes  240,00 bytes/sec
2024/06/18 17:14:01 [7653] total size is 30.351.584  speedup is 252.929,87
Синхронизация завершена в Вт 18 июн 2024 17:14:01 +03
2024/06/18 17:15:01 [7731] building file list
2024/06/18 17:15:01 [7731] sent 108 bytes  received 12 bytes  240,00 bytes/sec
2024/06/18 17:15:01 [7731] total size is 30.351.584  speedup is 252.929,87
Синхронизация завершена в Вт 18 июн 2024 17:15:01 +03
2024/06/18 17:16:01 [7745] building file list
2024/06/18 17:16:01 [7745] sent 108 bytes  received 12 bytes  240,00 bytes/sec
2024/06/18 17:16:01 [7745] total size is 30.351.584  speedup is 252.929,87
Синхронизация завершена в Вт 18 июн 2024 17:16:01 +03
2024/06/18 17:17:01 [7759] building file list
2024/06/18 17:17:02 [7759] sent 108 bytes  received 12 bytes  240,00 bytes/sec
2024/06/18 17:17:02 [7759] total size is 30.351.584  speedup is 252.929,87
Синхронизация завершена в Вт 18 июн 2024 17:17:02 +03
2024/06/18 17:18:01 [7769] building file list
2024/06/18 17:18:01 [7769] sent 108 bytes  received 12 bytes  240,00 bytes/sec
2024/06/18 17:18:01 [7769] total size is 30.351.584  speedup is 252.929,87
Синхронизация завершена в Вт 18 июн 2024 17:18:01 +03
2024/06/18 17:19:01 [7781] building file list
2024/06/18 17:19:01 [7781] sent 108 bytes  received 12 bytes  240,00 bytes/sec
2024/06/18 17:19:01 [7781] total size is 30.351.584  speedup is 252.929,87
Синхронизация завершена в Вт 18 июн 2024 17:19:01 +03
2024/06/18 17:20:01 [7793] building file list
2024/06/18 17:20:01 [7793] sent 108 bytes  received 12 bytes  240,00 bytes/sec
2024/06/18 17:20:01 [7793] total size is 30.351.584  speedup is 252.929,87
Синхронизация завершена в Вт 18 июн 2024 17:20:01 +03
2024/06/18 17:21:01 [7804] building file list
2024/06/18 17:21:01 [7804] sent 108 bytes  received 12 bytes  240,00 bytes/sec
2024/06/18 17:21:01 [7804] total size is 30.351.584  speedup is 252.929,87
Синхронизация завершена в Вт 18 июн 2024 17:21:01 +03
2024/06/18 17:22:01 [7814] building file list
2024/06/18 17:22:01 [7814] sent 108 bytes  received 12 bytes  240,00 bytes/sec
2024/06/18 17:22:01 [7814] total size is 30.351.584  speedup is 252.929,87
Синхронизация завершена в Вт 18 июн 2024 17:22:01 +03
2024/06/18 17:23:01 [7824] building file list
2024/06/18 17:23:01 [7824] sent 108 bytes  received 12 bytes  240,00 bytes/sec
2024/06/18 17:23:01 [7824] total size is 30.351.584  speedup is 252.929,87
Синхронизация завершена в Вт 18 июн 2024 17:23:01 +03
2024/06/18 17:24:01 [7836] building file list
2024/06/18 17:24:02 [7836] sent 108 bytes  received 12 bytes  80,00 bytes/sec
2024/06/18 17:24:02 [7836] total size is 30.351.584  speedup is 252.929,87
Синхронизация завершена в Вт 18 июн 2024 17:24:02 +03
2024/06/18 17:25:01 [7849] building file list
2024/06/18 17:25:01 [7849] sent 108 bytes  received 12 bytes  240,00 bytes/sec
2024/06/18 17:25:01 [7849] total size is 30.351.584  speedup is 252.929,87
Синхронизация завершена в Вт 18 июн 2024 17:25:01 +03
2024/06/18 17:26:01 [7859] building file list
2024/06/18 17:26:01 [7859] sent 108 bytes  received 12 bytes  240,00 bytes/sec
2024/06/18 17:26:01 [7859] total size is 30.351.584  speedup is 252.929,87
Синхронизация завершена в Вт 18 июн 2024 17:26:01 +03
2024/06/18 17:27:01 [7881] building file list
2024/06/18 17:27:01 [7881] sent 108 bytes  received 12 bytes  240,00 bytes/sec
2024/06/18 17:27:01 [7881] total size is 30.351.584  speedup is 252.929,87
Синхронизация завершена в Вт 18 июн 2024 17:27:01 +03
2024/06/18 17:28:01 [7891] building file list
2024/06/18 17:28:01 [7891] sent 108 bytes  received 12 bytes  240,00 bytes/sec
2024/06/18 17:28:01 [7891] total size is 30.351.584  speedup is 252.929,87
Синхронизация завершена в Вт 18 июн 2024 17:28:01 +03
2024/06/18 17:29:01 [7966] building file list
2024/06/18 17:29:01 [7966] sent 108 bytes  received 12 bytes  240,00 bytes/sec
2024/06/18 17:29:01 [7966] total size is 30.351.584  speedup is 252.929,87
Синхронизация завершена в Вт 18 июн 2024 17:29:01 +03
2024/06/18 17:30:01 [8814] building file list
2024/06/18 17:30:01 [8814] sent 108 bytes  received 12 bytes  240,00 bytes/sec
2024/06/18 17:30:01 [8814] total size is 30.351.584  speedup is 252.929,87
Синхронизация завершена в Вт 18 июн 2024 17:30:01 +03
2024/06/18 17:31:01 [8828] building file list
2024/06/18 17:31:02 [8828] sent 108 bytes  received 12 bytes  240,00 bytes/sec
2024/06/18 17:31:02 [8828] total size is 30.351.584  speedup is 252.929,87
Синхронизация завершена в Вт 18 июн 2024 17:31:02 +03
2024/06/18 17:32:01 [8838] building file list
2024/06/18 17:32:01 [8838] sent 108 bytes  received 12 bytes  240,00 bytes/sec
2024/06/18 17:32:01 [8838] total size is 30.351.584  speedup is 252.929,87
Синхронизация завершена в Вт 18 июн 2024 17:32:01 +03
2024/06/18 17:33:01 [8874] building file list
2024/06/18 17:33:01 [8874] sent 108 bytes  received 12 bytes  240,00 bytes/sec
2024/06/18 17:33:01 [8874] total size is 30.351.584  speedup is 252.929,87
Синхронизация завершена в Вт 18 июн 2024 17:33:01 +03
2024/06/18 17:34:01 [8895] building file list
2024/06/18 17:34:01 [8895] sent 108 bytes  received 12 bytes  240,00 bytes/sec
2024/06/18 17:34:01 [8895] total size is 30.351.584  speedup is 252.929,87
Синхронизация завершена в Вт 18 июн 2024 17:34:01 +03
2024/06/18 17:35:01 [8915] building file list
2024/06/18 17:35:01 [8915] sent 108 bytes  received 12 bytes  240,00 bytes/sec
2024/06/18 17:35:01 [8915] total size is 30.351.584  speedup is 252.929,87
Синхронизация завершена в Вт 18 июн 2024 17:35:01 +03
2024/06/18 17:36:02 [8935] building file list
2024/06/18 17:36:02 [8935] sent 108 bytes  received 12 bytes  240,00 bytes/sec
2024/06/18 17:36:02 [8935] total size is 30.351.584  speedup is 252.929,87
Синхронизация завершена в Вт 18 июн 2024 17:36:02 +03
